<?xml version="1.0" encoding="UTF-8"?>
<!-- Generated by org.testng.reporters.JUnitXMLReporter -->
<testsuite ignored="0" hostname="DESKTOP-P36Q84F" failures="1" tests="2" name="Test" time="9.654" errors="0" timestamp="2022-08-20T12:42:20 IST">
  <testcase classname="TestLayer.FbRegistration" name="validateFbRegistration" time="9.08"/>
  <testcase classname="TestLayer.FbRegistration" name="validateFbRegistration" time="9.102">
    <failure type="java.lang.NullPointerException" message="Cannot invoke &amp;quot;com.aventstack.extentreports.ExtentTest.log(com.aventstack.extentreports.Status, String)&amp;quot; because &amp;quot;UtilsLayer.ListenerClass.extentTest&amp;quot; is null">
      <![CDATA[java.lang.NullPointerException: Cannot invoke "com.aventstack.extentreports.ExtentTest.log(com.aventstack.extentreports.Status, String)" because "UtilsLayer.ListenerClass.extentTest" is null
at UtilsLayer.ListenerClass.onTestSuccess(ListenerClass.java:25)
at java.base/java.util.ArrayList.forEach(ArrayList.java:1511)
... Removed 24 stack frames]]>
    </failure>
  </testcase> <!-- validateFbRegistration -->
</testsuite> <!-- Test -->
