<?xml version="1.0" encoding="UTF-8"?>
<testng-results ignored="0" total="1" passed="1" failed="0" skipped="0">
  <reporter-output>
  </reporter-output>
  <suite started-at="2022-08-16T08:06:59Z" name="Default suite" finished-at="2022-08-16T08:07:10Z" duration-ms="10409">
    <groups>
    </groups>
    <test started-at="2022-08-16T08:06:59Z" name="Default test" finished-at="2022-08-16T08:07:10Z" duration-ms="10409">
      <class name="TestLayer.FbRegistration">
        <test-method signature="validateFbRegistration()[pri:0, instance:TestLayer.FbRegistration@1339e7aa]" started-at="2022-08-16T08:06:59Z" name="validateFbRegistration" finished-at="2022-08-16T08:07:10Z" duration-ms="10369" status="PASS">
          <reporter-output>
          </reporter-output>
        </test-method> <!-- validateFbRegistration -->
      </class> <!-- TestLayer.FbRegistration -->
    </test> <!-- Default test -->
  </suite> <!-- Default suite -->
</testng-results>
